Using pre-set license
Built from '2020.2/release' branch; Version is '2020.2.2f1 (068178b99f32) revision 426360'; Using compiler version '192528614'; Build Type 'Release'
OS: 'Windows 10 Pro; OS build 19044.1526; Version 2009; 64bit' Language: 'es' Physical Memory: 8080 MB
BatchMode: 1, IsHumanControllingUs: 0, StartBugReporterOnCrash: 0, Is64bit: 1, IsPro: 0

 COMMAND LINE ARGUMENTS:
C:\Program Files\Unity\Hub\Editor\2020.2.2f1\Editor\Unity.exe
-adb2
-batchMode
-noUpm
-name
AssetImportWorker0
-projectPath
C:/Users/Steven Perez/Desktop/Proyecto/Proyecto
-logFile
Logs/AssetImportWorker0.log
-srvPort
56883
Successfully changed project path to: C:/Users/Steven Perez/Desktop/Proyecto/Proyecto
C:/Users/Steven Perez/Desktop/Proyecto/Proyecto
Using Asset Import Pipeline V2.
Refreshing native plugins compatible for Editor in 60.16 ms, found 1 plugins.
Preloading 0 native plugins for Editor in 0.00 ms.
Initialize engine version: 2020.2.2f1 (068178b99f32)
[Subsystems] Discovering subsystems at path C:/Program Files/Unity/Hub/Editor/2020.2.2f1/Editor/Data/Resources/UnitySubsystems
[Subsystems] Discovering subsystems at path C:/Users/Steven Perez/Desktop/Proyecto/Proyecto/Assets
GfxDevice: creating device client; threaded=0
Direct3D:
    Version:  Direct3D 11.0 [level 10.1]
    Renderer: Intel(R) HD Graphics (ID=0x102)
    Vendor:   
    VRAM:     128 MB
    Driver:   9.17.10.4459
Initialize mono
Mono path[0] = 'C:/Program Files/Unity/Hub/Editor/2020.2.2f1/Editor/Data/Managed'
Mono path[1] = 'C:/Program Files/Unity/Hub/Editor/2020.2.2f1/Editor/Data/MonoBleedingEdge/lib/mono/unityjit'
Mono config path = 'C:/Program Files/Unity/Hub/Editor/2020.2.2f1/Editor/Data/MonoBleedingEdge/etc'
Using monoOptions --debugger-agent=transport=dt_socket,embedding=1,server=y,suspend=n,address=127.0.0.1:56692
Begin MonoManager ReloadAssembly
Registering precompiled unity dll's ...
Register platform support module: C:/Program Files/Unity/Hub/Editor/2020.2.2f1/Editor/Data/PlaybackEngines/WindowsStandaloneSupport/UnityEditor.WindowsStandalone.Extensions.dll
Registered in 0.004119 seconds.
Native extension for WindowsStandalone target not found
Refreshing native plugins compatible for Editor in 57.91 ms, found 1 plugins.
Preloading 0 native plugins for Editor in 0.00 ms.
Invoked RoslynAnalysisRunner static constructor.
RoslynAnalysisRunner will not be running.
RoslynAnalysisRunner has terminated.
Mono: successfully reloaded assembly
- Completed reload, in  3.614 seconds
Platform modules already initialized, skipping
Registering precompiled user dll's ...
Registered in 0.001657 seconds.
Begin MonoManager ReloadAssembly
Native extension for WindowsStandalone target not found
Refreshing native plugins compatible for Editor in 57.03 ms, found 1 plugins.
Preloading 0 native plugins for Editor in 0.00 ms.
Invoked RoslynAnalysisRunner static constructor.
RoslynAnalysisRunner will not be running.
RoslynAnalysisRunner has terminated.
Mono: successfully reloaded assembly
- Completed reload, in  1.420 seconds
Platform modules already initialized, skipping
========================================================================
Worker process is ready to serve import requests
Launched and connected shader compiler UnityShaderCompiler.exe after 0.08 seconds
Refreshing native plugins compatible for Editor in 0.49 ms, found 1 plugins.
Preloading 0 native plugins for Editor in 0.00 ms.
Unloading 1819 Unused Serialized files (Serialized files now loaded: 0)
System memory in use before: 87.1 MB.
System memory in use after: 87.0 MB.

Unloading 24 unused Assets to reduce memory usage. Loaded Objects now: 2265.
Total: 2.458100 ms (FindLiveObjects: 0.189000 ms CreateObjectMapping: 0.074400 ms MarkObjects: 2.001700 ms  DeleteObjects: 0.191600 ms)

========================================================================
Received Import Request.
  path: Assets/Sprites/Materials/BG 1.mat
  artifactKey: Guid(8e5315bad73eadd418d5476fb314984d) Importer(815301076,1909f56bfc062723c751e8b465ee728b)
Start importing Assets/Sprites/Materials/BG 1.mat using Guid(8e5315bad73eadd418d5476fb314984d) Importer(815301076,1909f56bfc062723c751e8b465ee728b)  -> (artifact id: 'c1b86145ffc3479a70a8a7d6bfd1a8e9') in 0.166224 seconds
  Import took 0.186745 seconds .

========================================================================
Received Import Request.
  Time since last request: 1649.916550 seconds.
  path: Assets/Scenes/Level2.unity
  artifactKey: Guid(608760ea30f1abe4f869b2d4b74ca4e1) Importer(815301076,1909f56bfc062723c751e8b465ee728b)
Start importing Assets/Scenes/Level2.unity using Guid(608760ea30f1abe4f869b2d4b74ca4e1) Importer(815301076,1909f56bfc062723c751e8b465ee728b)  -> (artifact id: '7a2b081f86f9c56776438503f669f755') in 0.007436 seconds
  Import took 0.018932 seconds .

