Using pre-set license
Built from '2020.2/release' branch; Version is '2020.2.2f1 (068178b99f32) revision 426360'; Using compiler version '192528614'; Build Type 'Release'
OS: 'Windows 10 Pro; OS build 19044.1526; Version 2009; 64bit' Language: 'es' Physical Memory: 8080 MB
BatchMode: 1, IsHumanControllingUs: 0, StartBugReporterOnCrash: 0, Is64bit: 1, IsPro: 0

 COMMAND LINE ARGUMENTS:
C:\Program Files\Unity\Hub\Editor\2020.2.2f1\Editor\Unity.exe
-adb2
-batchMode
-noUpm
-name
AssetImportWorker1
-projectPath
C:/Users/Steven Perez/Desktop/Proyecto/Proyecto
-logFile
Logs/AssetImportWorker1.log
-srvPort
64344
Successfully changed project path to: C:/Users/Steven Perez/Desktop/Proyecto/Proyecto
C:/Users/Steven Perez/Desktop/Proyecto/Proyecto
Using Asset Import Pipeline V2.
Refreshing native plugins compatible for Editor in 62.35 ms, found 1 plugins.
Preloading 0 native plugins for Editor in 0.00 ms.
Initialize engine version: 2020.2.2f1 (068178b99f32)
[Subsystems] Discovering subsystems at path C:/Program Files/Unity/Hub/Editor/2020.2.2f1/Editor/Data/Resources/UnitySubsystems
[Subsystems] Discovering subsystems at path C:/Users/Steven Perez/Desktop/Proyecto/Proyecto/Assets
GfxDevice: creating device client; threaded=0
Direct3D:
    Version:  Direct3D 11.0 [level 10.1]
    Renderer: Intel(R) HD Graphics (ID=0x102)
    Vendor:   
    VRAM:     128 MB
    Driver:   9.17.10.4459
Initialize mono
Mono path[0] = 'C:/Program Files/Unity/Hub/Editor/2020.2.2f1/Editor/Data/Managed'
Mono path[1] = 'C:/Program Files/Unity/Hub/Editor/2020.2.2f1/Editor/Data/MonoBleedingEdge/lib/mono/unityjit'
Mono config path = 'C:/Program Files/Unity/Hub/Editor/2020.2.2f1/Editor/Data/MonoBleedingEdge/etc'
Using monoOptions --debugger-agent=transport=dt_socket,embedding=1,server=y,suspend=n,address=127.0.0.1:56476
Begin MonoManager ReloadAssembly
Registering precompiled unity dll's ...
Register platform support module: C:/Program Files/Unity/Hub/Editor/2020.2.2f1/Editor/Data/PlaybackEngines/WindowsStandaloneSupport/UnityEditor.WindowsStandalone.Extensions.dll
Registered in 0.003503 seconds.
Native extension for WindowsStandalone target not found
Refreshing native plugins compatible for Editor in 56.22 ms, found 1 plugins.
Preloading 0 native plugins for Editor in 0.00 ms.
Invoked RoslynAnalysisRunner static constructor.
RoslynAnalysisRunner will not be running.
RoslynAnalysisRunner has terminated.
Mono: successfully reloaded assembly
- Completed reload, in  6.216 seconds
Platform modules already initialized, skipping
Registering precompiled user dll's ...
Registered in 0.001775 seconds.
Begin MonoManager ReloadAssembly
Native extension for WindowsStandalone target not found
Refreshing native plugins compatible for Editor in 63.70 ms, found 1 plugins.
Preloading 0 native plugins for Editor in 0.00 ms.
Invoked RoslynAnalysisRunner static constructor.
RoslynAnalysisRunner will not be running.
RoslynAnalysisRunner has terminated.
Mono: successfully reloaded assembly
- Completed reload, in  1.452 seconds
Platform modules already initialized, skipping
========================================================================
Worker process is ready to serve import requests
Launched and connected shader compiler UnityShaderCompiler.exe after 0.18 seconds
Refreshing native plugins compatible for Editor in 0.45 ms, found 1 plugins.
Preloading 0 native plugins for Editor in 0.00 ms.
Unloading 1817 Unused Serialized files (Serialized files now loaded: 0)
System memory in use before: 87.1 MB.
System memory in use after: 87.1 MB.

Unloading 24 unused Assets to reduce memory usage. Loaded Objects now: 2263.
Total: 2.582600 ms (FindLiveObjects: 0.199700 ms CreateObjectMapping: 0.079100 ms MarkObjects: 2.126500 ms  DeleteObjects: 0.175500 ms)

========================================================================
Received Import Request.
  path: Assets/Scripts/DeathZone.cs
  artifactKey: Guid(b4af6ead78e6e1c4fa3da89331884fae) Importer(815301076,1909f56bfc062723c751e8b465ee728b)
Start importing Assets/Scripts/DeathZone.cs using Guid(b4af6ead78e6e1c4fa3da89331884fae) Importer(815301076,1909f56bfc062723c751e8b465ee728b)  -> (artifact id: 'eb944b537525c202fb45fe878ce163d9') in 0.036506 seconds
  Import took 0.040285 seconds .

========================================================================
Received Import Request.
  Time since last request: 6.262800 seconds.
  path: Assets/Scripts/DestroyOverTime.cs
  artifactKey: Guid(574aeac84c7f5a34d813b16390383f85) Importer(815301076,1909f56bfc062723c751e8b465ee728b)
Start importing Assets/Scripts/DestroyOverTime.cs using Guid(574aeac84c7f5a34d813b16390383f85) Importer(815301076,1909f56bfc062723c751e8b465ee728b)  -> (artifact id: '9a8cdf3f08db729d24df86cabca602e4') in 0.003660 seconds
  Import took 0.007597 seconds .

========================================================================
Received Prepare
Registering precompiled user dll's ...
Registered in 0.001495 seconds.
Begin MonoManager ReloadAssembly
Native extension for WindowsStandalone target not found
Refreshing native plugins compatible for Editor in 0.45 ms, found 1 plugins.
Preloading 0 native plugins for Editor in 0.00 ms.
Invoked RoslynAnalysisRunner static constructor.
RoslynAnalysisRunner will not be running.
RoslynAnalysisRunner has terminated.
Mono: successfully reloaded assembly
- Completed reload, in  1.232 seconds
Platform modules already initialized, skipping
Refreshing native plugins compatible for Editor in 0.45 ms, found 1 plugins.
Preloading 0 native plugins for Editor in 0.00 ms.
Unloading 1798 Unused Serialized files (Serialized files now loaded: 0)
System memory in use before: 86.3 MB.
System memory in use after: 86.3 MB.

Unloading 13 unused Assets to reduce memory usage. Loaded Objects now: 2265.
Total: 2.489800 ms (FindLiveObjects: 0.201000 ms CreateObjectMapping: 0.072100 ms MarkObjects: 2.056200 ms  DeleteObjects: 0.158900 ms)

AssetImportWorkerClient::OnTransportError - code=2 error=End of file
